Using pre-set license
Built from '2020.3/staging' branch; Version is '2020.3.13f1 (71691879b7f5) revision 7432472'; Using compiler version '192528614'; Build Type 'Release'
OS: 'Windows 10 Home; OS build 19043.1237; Version 2009; 64bit' Language: 'en' Physical Memory: 16228 MB
BatchMode: 1, IsHumanControllingUs: 0, StartBugReporterOnCrash: 0, Is64bit: 1, IsPro: 0

 COMMAND LINE ARGUMENTS:
C:\Program Files\Unity\Hub\Editor\2020.3.13f1\Editor\Unity.exe
-adb2
-batchMode
-noUpm
-name
AssetImportWorker0
-projectPath
D:/Unity/Upwork/2d-RPG-Game-upwork-/2D RPG GAME
-logFile
Logs/AssetImportWorker0.log
-srvPort
49616
Successfully changed project path to: D:/Unity/Upwork/2d-RPG-Game-upwork-/2D RPG GAME
D:/Unity/Upwork/2d-RPG-Game-upwork-/2D RPG GAME
Using Asset Import Pipeline V2.
Refreshing native plugins compatible for Editor in 49.65 ms, found 3 plugins.
Preloading 0 native plugins for Editor in 0.00 ms.
Initialize engine version: 2020.3.13f1 (71691879b7f5)
[Subsystems] Discovering subsystems at path C:/Program Files/Unity/Hub/Editor/2020.3.13f1/Editor/Data/Resources/UnitySubsystems
[Subsystems] Discovering subsystems at path D:/Unity/Upwork/2d-RPG-Game-upwork-/2D RPG GAME/Assets
GfxDevice: creating device client; threaded=0
Direct3D:
    Version:  Direct3D 11.0 [level 11.1]
    Renderer: NVIDIA GeForce RTX 2070 (ID=0x1f10)
    Vendor:   
    VRAM:     8031 MB
    Driver:   27.21.14.5671
Initialize mono
Mono path[0] = 'C:/Program Files/Unity/Hub/Editor/2020.3.13f1/Editor/Data/Managed'
Mono path[1] = 'C:/Program Files/Unity/Hub/Editor/2020.3.13f1/Editor/Data/MonoBleedingEdge/lib/mono/unityjit'
Mono config path = 'C:/Program Files/Unity/Hub/Editor/2020.3.13f1/Editor/Data/MonoBleedingEdge/etc'
Using monoOptions --debugger-agent=transport=dt_socket,embedding=1,server=y,suspend=n,address=127.0.0.1:56624
Begin MonoManager ReloadAssembly
Registering precompiled unity dll's ...
Register platform support module: C:/Program Files/Unity/Hub/Editor/2020.3.13f1/Editor/Data/PlaybackEngines/WindowsStandaloneSupport/UnityEditor.WindowsStandalone.Extensions.dll
Registered in 0.001648 seconds.
Native extension for WindowsStandalone target not found
Refreshing native plugins compatible for Editor in 43.85 ms, found 3 plugins.
Preloading 0 native plugins for Editor in 0.00 ms.
Mono: successfully reloaded assembly
- Completed reload, in  1.952 seconds
Platform modules already initialized, skipping
Registering precompiled user dll's ...
Registered in 0.002676 seconds.
Begin MonoManager ReloadAssembly
Native extension for WindowsStandalone target not found
Refreshing native plugins compatible for Editor in 57.50 ms, found 3 plugins.
Preloading 0 native plugins for Editor in 0.00 ms.
Mono: successfully reloaded assembly
- Completed reload, in  1.173 seconds
Platform modules already initialized, skipping
========================================================================
Worker process is ready to serve import requests
Launched and connected shader compiler UnityShaderCompiler.exe after 0.05 seconds
Refreshing native plugins compatible for Editor in 0.49 ms, found 3 plugins.
Preloading 0 native plugins for Editor in 0.00 ms.
Unloading 2122 Unused Serialized files (Serialized files now loaded: 0)
System memory in use before: 96.0 MB.
System memory in use after: 96.0 MB.

Unloading 35 unused Assets to reduce memory usage. Loaded Objects now: 2559.
Total: 2.343800 ms (FindLiveObjects: 0.179900 ms CreateObjectMapping: 0.064300 ms MarkObjects: 1.978600 ms  DeleteObjects: 0.120300 ms)

AssetImportParameters requested are different than current active one (requested -> active):
  custom:framework-win-MediaFoundation: 216162199b28c13a410421893ffa2e32 -> 
  custom:video-decoder-ogg-theora: a1e56fd34408186e4bbccfd4996cb3dc -> 
  custom:container-muxer-webm: aa71ff27fc2769a1b78a27578f13a17b -> 
  custom:container-demuxer-webm: 4f35f7cbe854078d1ac9338744f61a02 -> 
  custom:container-demuxer-ogg: 62fdf1f143b41e24485cea50d1cbac27 -> 
  custom:video-encoder-webm-vp8: eb34c28f22e8b96e1ab97ce403110664 -> 
  custom:video-decoder-webm-vp8: 9c59270c3fd7afecdb556c50c9e8de78 -> 
  custom:audio-decoder-ogg-vorbis: bf7c407c2cedff20999df2af8eb42d56 -> 
  custom:audio-encoder-webm-vorbis: bf7c407c2cedff20999df2af8eb42d56 -> 
========================================================================
Received Import Request.
  path: Assets/Assetpacks/Tiny RPG Forest/Scenes
  artifactKey: Guid(2e39666c8d97146989e82f1b73e1f71c) Importer(815301076,1909f56bfc062723c751e8b465ee728b)
Start importing Assets/Assetpacks/Tiny RPG Forest/Scenes using Guid(2e39666c8d97146989e82f1b73e1f71c) Importer(815301076,1909f56bfc062723c751e8b465ee728b)  -> (artifact id: '74eafe7c0d2b97abb79bdb11614a6639') in 0.009418 seconds 
  Import took 0.012370 seconds .

========================================================================
Received Import Request.
  Time since last request: 4.080587 seconds.
  path: Assets/Assetpacks/Tiny RPG Forest/Artwork/Environment/Brush obj
  artifactKey: Guid(c56d1b9f1cfad124885071249705a944) Importer(815301076,1909f56bfc062723c751e8b465ee728b)
Start importing Assets/Assetpacks/Tiny RPG Forest/Artwork/Environment/Brush obj using Guid(c56d1b9f1cfad124885071249705a944) Importer(815301076,1909f56bfc062723c751e8b465ee728b)  -> (artifact id: '6fa2aa223f13edfc3184a527ff10eec0') in 0.007285 seconds 
  Import took 0.010450 seconds .

========================================================================
Received Import Request.
  Time since last request: 0.002709 seconds.
  path: Assets/Assetpacks/Tiny RPG Forest/Artwork/Environment/Brush obj
  artifactKey: Guid(c56d1b9f1cfad124885071249705a944) Importer(815301076,1909f56bfc062723c751e8b465ee728b)
Start importing Assets/Assetpacks/Tiny RPG Forest/Artwork/Environment/Brush obj using Guid(c56d1b9f1cfad124885071249705a944) Importer(815301076,1909f56bfc062723c751e8b465ee728b)  -> (artifact id: '6fa2aa223f13edfc3184a527ff10eec0') in 0.001500 seconds 
  Import took 0.005021 seconds .

========================================================================
Received Import Request.
  Time since last request: 38.416365 seconds.
  path: Assets/Assetpacks/Cainos/Pixel Art Top Down - Basic/Prefab/Plant/PF Grass A.prefab
  artifactKey: Guid(a0a66c9b152e801409fc26c4ca493d18) Importer(815301076,1909f56bfc062723c751e8b465ee728b)
Start importing Assets/Assetpacks/Cainos/Pixel Art Top Down - Basic/Prefab/Plant/PF Grass A.prefab using Guid(a0a66c9b152e801409fc26c4ca493d18) Importer(815301076,1909f56bfc062723c751e8b465ee728b)  -> (artifact id: 'e762437ebfe48021d83985df7be57a74') in 0.127913 seconds 
  Import took 0.131825 seconds .

========================================================================
Received Import Request.
  Time since last request: 0.000323 seconds.
  path: Assets/Assetpacks/Cainos/Pixel Art Top Down - Basic/Prefab/Plant/PF Grass I.prefab
  artifactKey: Guid(424ccba55881d2743a04e1f1a4947e4c) Importer(815301076,1909f56bfc062723c751e8b465ee728b)
Start importing Assets/Assetpacks/Cainos/Pixel Art Top Down - Basic/Prefab/Plant/PF Grass I.prefab using Guid(424ccba55881d2743a04e1f1a4947e4c) Importer(815301076,1909f56bfc062723c751e8b465ee728b)  -> (artifact id: '5ed773cc99f9fcd1583afcb8c1f7dc7e') in 0.017074 seconds 
  Import took 0.020968 seconds .

========================================================================
Received Import Request.
  Time since last request: 0.000365 seconds.
  path: Assets/Assetpacks/Cainos/Pixel Art Top Down - Basic/Prefab/Plant/PF Grass D.prefab
  artifactKey: Guid(fd980c817c63af4458df40a61e529e93) Importer(815301076,1909f56bfc062723c751e8b465ee728b)
Start importing Assets/Assetpacks/Cainos/Pixel Art Top Down - Basic/Prefab/Plant/PF Grass D.prefab using Guid(fd980c817c63af4458df40a61e529e93) Importer(815301076,1909f56bfc062723c751e8b465ee728b)  -> (artifact id: '5a30efd634a6d298fff9718e1ed1f060') in 0.014320 seconds 
  Import took 0.017749 seconds .

========================================================================
Received Import Request.
  Time since last request: 0.000314 seconds.
  path: Assets/Assetpacks/Cainos/Pixel Art Top Down - Basic/Prefab/Plant/PF Grass O.prefab
  artifactKey: Guid(bf462882706828c44a4465986b6fb8d2) Importer(815301076,1909f56bfc062723c751e8b465ee728b)
Start importing Assets/Assetpacks/Cainos/Pixel Art Top Down - Basic/Prefab/Plant/PF Grass O.prefab using Guid(bf462882706828c44a4465986b6fb8d2) Importer(815301076,1909f56bfc062723c751e8b465ee728b)  -> (artifact id: '0fdd2ccd3ca49f046e3c7cb1c7c1d2b7') in 0.013977 seconds 
  Import took 0.017279 seconds .

========================================================================
Received Import Request.
  Time since last request: 0.000327 seconds.
  path: Assets/Assetpacks/Cainos/Pixel Art Top Down - Basic/Prefab/Plant/PF Grass E.prefab
  artifactKey: Guid(019ab1af1d7a4b742a982c009534c058) Importer(815301076,1909f56bfc062723c751e8b465ee728b)
Start importing Assets/Assetpacks/Cainos/Pixel Art Top Down - Basic/Prefab/Plant/PF Grass E.prefab using Guid(019ab1af1d7a4b742a982c009534c058) Importer(815301076,1909f56bfc062723c751e8b465ee728b)  -> (artifact id: '8ec91a5fcbad3f3f12df120b0cee8fec') in 0.013940 seconds 
  Import took 0.017264 seconds .

========================================================================
Received Import Request.
  Time since last request: 0.000313 seconds.
  path: Assets/Assetpacks/Cainos/Pixel Art Top Down - Basic/Prefab/Plant/PF Grass F.prefab
  artifactKey: Guid(84d669757910f1f488023c92e71fcad5) Importer(815301076,1909f56bfc062723c751e8b465ee728b)
Start importing Assets/Assetpacks/Cainos/Pixel Art Top Down - Basic/Prefab/Plant/PF Grass F.prefab using Guid(84d669757910f1f488023c92e71fcad5) Importer(815301076,1909f56bfc062723c751e8b465ee728b)  -> (artifact id: 'abc5addf2c58200fff05711a00264e86') in 0.012499 seconds 
  Import took 0.016018 seconds .

========================================================================
Received Import Request.
  Time since last request: 0.000318 seconds.
  path: Assets/Assetpacks/Cainos/Pixel Art Top Down - Basic/Prefab/Plant/PF Props Tree T2.prefab
  artifactKey: Guid(7277dd75e907b27448ec1de08238d0bb) Importer(815301076,1909f56bfc062723c751e8b465ee728b)
Start importing Assets/Assetpacks/Cainos/Pixel Art Top Down - Basic/Prefab/Plant/PF Props Tree T2.prefab using Guid(7277dd75e907b27448ec1de08238d0bb) Importer(815301076,1909f56bfc062723c751e8b465ee728b)  -> (artifact id: '8694e7d00972cab9617187d305ca3e8d') in 0.035258 seconds 
  Import took 0.039261 seconds .

========================================================================
Received Import Request.
  Time since last request: 0.000309 seconds.
  path: Assets/Assetpacks/Cainos/Pixel Art Top Down - Basic/Prefab/Plant/PF Grass G.prefab
  artifactKey: Guid(8d15c39fd3e3cab47ab96fbaf6dc2f92) Importer(815301076,1909f56bfc062723c751e8b465ee728b)
Start importing Assets/Assetpacks/Cainos/Pixel Art Top Down - Basic/Prefab/Plant/PF Grass G.prefab using Guid(8d15c39fd3e3cab47ab96fbaf6dc2f92) Importer(815301076,1909f56bfc062723c751e8b465ee728b)  -> (artifact id: 'b62ab2492d5d5adbea511c465c5e34c1') in 0.014199 seconds 
  Import took 0.018118 seconds .

========================================================================
Received Import Request.
  Time since last request: 0.000329 seconds.
  path: Assets/Assetpacks/Cainos/Pixel Art Top Down - Basic/Prefab/Plant/PF Grass J.prefab
  artifactKey: Guid(dbeab85cbe3b90b41a444794aab794ef) Importer(815301076,1909f56bfc062723c751e8b465ee728b)
Start importing Assets/Assetpacks/Cainos/Pixel Art Top Down - Basic/Prefab/Plant/PF Grass J.prefab using Guid(dbeab85cbe3b90b41a444794aab794ef) Importer(815301076,1909f56bfc062723c751e8b465ee728b)  -> (artifact id: '6d951879612e621d6e700878741cf5c2') in 0.013317 seconds 
  Import took 0.016830 seconds .

========================================================================
Received Import Request.
  Time since last request: 0.000310 seconds.
  path: Assets/Assetpacks/Cainos/Pixel Art Top Down - Basic/Prefab/Plant/PF Grass M.prefab
  artifactKey: Guid(c5c395a83c3338d46bd52e936cf46245) Importer(815301076,1909f56bfc062723c751e8b465ee728b)
Start importing Assets/Assetpacks/Cainos/Pixel Art Top Down - Basic/Prefab/Plant/PF Grass M.prefab using Guid(c5c395a83c3338d46bd52e936cf46245) Importer(815301076,1909f56bfc062723c751e8b465ee728b)  -> (artifact id: '5a2bc67cda554d4613801a0e16dc231a') in 0.012625 seconds 
  Import took 0.016397 seconds .

========================================================================
Received Import Request.
  Time since last request: 0.000330 seconds.
  path: Assets/Assetpacks/Cainos/Pixel Art Top Down - Basic/Prefab/Plant/PF Props Bush T1.prefab
  artifactKey: Guid(a0a71fda412ad0941ab44f1732ea4c1e) Importer(815301076,1909f56bfc062723c751e8b465ee728b)
Start importing Assets/Assetpacks/Cainos/Pixel Art Top Down - Basic/Prefab/Plant/PF Props Bush T1.prefab using Guid(a0a71fda412ad0941ab44f1732ea4c1e) Importer(815301076,1909f56bfc062723c751e8b465ee728b)  -> (artifact id: 'd12935aa3bc76845fb531d6e0c3a2ae3') in 0.015916 seconds 
  Import took 0.019941 seconds .

========================================================================
Received Import Request.
  Time since last request: 0.000309 seconds.
  path: Assets/Assetpacks/Cainos/Pixel Art Top Down - Basic/Prefab/Plant/PF Props Bush T5.prefab
  artifactKey: Guid(9fb66d8c9d3b5194a82e9eed65a54afb) Importer(815301076,1909f56bfc062723c751e8b465ee728b)
Start importing Assets/Assetpacks/Cainos/Pixel Art Top Down - Basic/Prefab/Plant/PF Props Bush T5.prefab using Guid(9fb66d8c9d3b5194a82e9eed65a54afb) Importer(815301076,1909f56bfc062723c751e8b465ee728b)  -> (artifact id: '7f9ffbb0b3e30f21934c22b43db4eb1e') in 0.015221 seconds 
  Import took 0.018515 seconds .

========================================================================
Received Import Request.
  Time since last request: 0.000349 seconds.
  path: Assets/Assetpacks/Cainos/Pixel Art Top Down - Basic/Prefab/Plant/PF Grass C.prefab
  artifactKey: Guid(403080d7568a4f949b4bfc7128477a8c) Importer(815301076,1909f56bfc062723c751e8b465ee728b)
Start importing Assets/Assetpacks/Cainos/Pixel Art Top Down - Basic/Prefab/Plant/PF Grass C.prefab using Guid(403080d7568a4f949b4bfc7128477a8c) Importer(815301076,1909f56bfc062723c751e8b465ee728b)  -> (artifact id: '3e32f2a93e83bb9754da4cea423d60b8') in 0.012983 seconds 
  Import took 0.016470 seconds .

========================================================================
Received Import Request.
  Time since last request: 0.000298 seconds.
  path: Assets/Assetpacks/Cainos/Pixel Art Top Down - Basic/Prefab/Plant/PF Grass N.prefab
  artifactKey: Guid(af67ceadc087899479232f75d2b79d59) Importer(815301076,1909f56bfc062723c751e8b465ee728b)
Start importing Assets/Assetpacks/Cainos/Pixel Art Top Down - Basic/Prefab/Plant/PF Grass N.prefab using Guid(af67ceadc087899479232f75d2b79d59) Importer(815301076,1909f56bfc062723c751e8b465ee728b)  -> (artifact id: '5a83af1b199479b744533deb6ba093da') in 0.012502 seconds 
  Import took 0.016083 seconds .

========================================================================
Received Import Request.
  Time since last request: 0.000329 seconds.
  path: Assets/Assetpacks/Cainos/Pixel Art Top Down - Basic/Prefab/Plant/PF Props Bush T6.prefab
  artifactKey: Guid(39562e88b536753438a3153c5fbdf7b8) Importer(815301076,1909f56bfc062723c751e8b465ee728b)
Start importing Assets/Assetpacks/Cainos/Pixel Art Top Down - Basic/Prefab/Plant/PF Props Bush T6.prefab using Guid(39562e88b536753438a3153c5fbdf7b8) Importer(815301076,1909f56bfc062723c751e8b465ee728b)  -> (artifact id: '991d0f4d8a9f8339170a3e678f5ef8dc') in 0.015983 seconds 
  Import took 0.019616 seconds .

========================================================================
Received Import Request.
  Time since last request: 0.000313 seconds.
  path: Assets/Assetpacks/Cainos/Pixel Art Top Down - Basic/Prefab/Plant/PF Grass H.prefab
  artifactKey: Guid(8c66149e58003104daf96668db118b4f) Importer(815301076,1909f56bfc062723c751e8b465ee728b)
Start importing Assets/Assetpacks/Cainos/Pixel Art Top Down - Basic/Prefab/Plant/PF Grass H.prefab using Guid(8c66149e58003104daf96668db118b4f) Importer(815301076,1909f56bfc062723c751e8b465ee728b)  -> (artifact id: '11d0fddabef77ff1e7fd413dc65a7cc6') in 0.011771 seconds 
  Import took 0.015518 seconds .

========================================================================
Received Import Request.
  Time since last request: 0.000289 seconds.
  path: Assets/Assetpacks/Cainos/Pixel Art Top Down - Basic/Prefab/Plant/PF Props Bush T3.prefab
  artifactKey: Guid(0505844a909d2ea4996c19b67b2a40b9) Importer(815301076,1909f56bfc062723c751e8b465ee728b)
Start importing Assets/Assetpacks/Cainos/Pixel Art Top Down - Basic/Prefab/Plant/PF Props Bush T3.prefab using Guid(0505844a909d2ea4996c19b67b2a40b9) Importer(815301076,1909f56bfc062723c751e8b465ee728b)  -> (artifact id: '0698b66682c7c1d68c14e0ee9c04ffd4') in 0.013617 seconds 
  Import took 0.017458 seconds .

========================================================================
Received Import Request.
  Time since last request: 0.000314 seconds.
  path: Assets/Assetpacks/Cainos/Pixel Art Top Down - Basic/Prefab/Plant/PF Grass L.prefab
  artifactKey: Guid(1dc4948f20ddc324f84c815af63aa6a9) Importer(815301076,1909f56bfc062723c751e8b465ee728b)
Start importing Assets/Assetpacks/Cainos/Pixel Art Top Down - Basic/Prefab/Plant/PF Grass L.prefab using Guid(1dc4948f20ddc324f84c815af63aa6a9) Importer(815301076,1909f56bfc062723c751e8b465ee728b)  -> (artifact id: '7af660131a5fa305d6310b16a1478a01') in 0.013327 seconds 
  Import took 0.017233 seconds .

========================================================================
Received Import Request.
  Time since last request: 0.000490 seconds.
  path: Assets/Assetpacks/Cainos/Pixel Art Top Down - Basic/Prefab/Plant/PF Props Tree T3.prefab
  artifactKey: Guid(9e7797bb065982d4497d030f065d6e2f) Importer(815301076,1909f56bfc062723c751e8b465ee728b)
Start importing Assets/Assetpacks/Cainos/Pixel Art Top Down - Basic/Prefab/Plant/PF Props Tree T3.prefab using Guid(9e7797bb065982d4497d030f065d6e2f) Importer(815301076,1909f56bfc062723c751e8b465ee728b)  -> (artifact id: '804707795d865e4f0b1568e1cfccc0da') in 0.016865 seconds 
  Import took 0.021084 seconds .

========================================================================
Received Import Request.
  Time since last request: 0.000342 seconds.
  path: Assets/Assetpacks/Cainos/Pixel Art Top Down - Basic/Prefab/Plant/PF Grass A.prefab
  artifactKey: Guid(a0a66c9b152e801409fc26c4ca493d18) Importer(815301076,1909f56bfc062723c751e8b465ee728b)
Start importing Assets/Assetpacks/Cainos/Pixel Art Top Down - Basic/Prefab/Plant/PF Grass A.prefab using Guid(a0a66c9b152e801409fc26c4ca493d18) Importer(815301076,1909f56bfc062723c751e8b465ee728b)  -> (artifact id: 'e762437ebfe48021d83985df7be57a74') in 0.007554 seconds 
  Import took 0.011781 seconds .

========================================================================
Received Import Request.
  Time since last request: 0.000314 seconds.
  path: Assets/Assetpacks/Cainos/Pixel Art Top Down - Basic/Prefab/Plant/PF Props Bush T4.prefab
  artifactKey: Guid(4bd7b41600416b54395bf9936a05dc8e) Importer(815301076,1909f56bfc062723c751e8b465ee728b)
Start importing Assets/Assetpacks/Cainos/Pixel Art Top Down - Basic/Prefab/Plant/PF Props Bush T4.prefab using Guid(4bd7b41600416b54395bf9936a05dc8e) Importer(815301076,1909f56bfc062723c751e8b465ee728b)  -> (artifact id: '5757fcae50d6b8b8240551f387b719f1') in 0.014000 seconds 
  Import took 0.017661 seconds .

========================================================================
Received Import Request.
  Time since last request: 0.000307 seconds.
  path: Assets/Assetpacks/Cainos/Pixel Art Top Down - Basic/Prefab/Plant/PF Props Tree T1.prefab
  artifactKey: Guid(f681a54372d73d74785b9c9d4ac477e8) Importer(815301076,1909f56bfc062723c751e8b465ee728b)
Start importing Assets/Assetpacks/Cainos/Pixel Art Top Down - Basic/Prefab/Plant/PF Props Tree T1.prefab using Guid(f681a54372d73d74785b9c9d4ac477e8) Importer(815301076,1909f56bfc062723c751e8b465ee728b)  -> (artifact id: 'b197b8320ff60ac1e7a2a2fd51e95b60') in 0.015916 seconds 
  Import took 0.019756 seconds .

========================================================================
Received Import Request.
  Time since last request: 0.000315 seconds.
  path: Assets/Assetpacks/Cainos/Pixel Art Top Down - Basic/Prefab/Plant/PF Props Bush T2.prefab
  artifactKey: Guid(5b94bf9107369684a8153921f763da38) Importer(815301076,1909f56bfc062723c751e8b465ee728b)
Start importing Assets/Assetpacks/Cainos/Pixel Art Top Down - Basic/Prefab/Plant/PF Props Bush T2.prefab using Guid(5b94bf9107369684a8153921f763da38) Importer(815301076,1909f56bfc062723c751e8b465ee728b)  -> (artifact id: '42bd76dc75b4875c7f114c67eed010b1') in 0.016233 seconds 
  Import took 0.019608 seconds .

========================================================================
Received Import Request.
  Time since last request: 0.000308 seconds.
  path: Assets/Assetpacks/Cainos/Pixel Art Top Down - Basic/Prefab/Plant/PF Grass B.prefab
  artifactKey: Guid(2d546d2d8b016864ab41e2185c250eb5) Importer(815301076,1909f56bfc062723c751e8b465ee728b)
Start importing Assets/Assetpacks/Cainos/Pixel Art Top Down - Basic/Prefab/Plant/PF Grass B.prefab using Guid(2d546d2d8b016864ab41e2185c250eb5) Importer(815301076,1909f56bfc062723c751e8b465ee728b)  -> (artifact id: '39e8164599a6173c06272dcb0ffe1d6a') in 0.012584 seconds 
  Import took 0.016008 seconds .

========================================================================
Received Import Request.
  Time since last request: 0.000304 seconds.
  path: Assets/Assetpacks/Cainos/Pixel Art Top Down - Basic/Prefab/Plant/PF Grass K.prefab
  artifactKey: Guid(4800845c2c4caa84eb6194552ae9c841) Importer(815301076,1909f56bfc062723c751e8b465ee728b)
Start importing Assets/Assetpacks/Cainos/Pixel Art Top Down - Basic/Prefab/Plant/PF Grass K.prefab using Guid(4800845c2c4caa84eb6194552ae9c841) Importer(815301076,1909f56bfc062723c751e8b465ee728b)  -> (artifact id: 'dfcc4b4fc9a6e4775b8cf0aa997d2a5e') in 0.014440 seconds 
  Import took 0.017826 seconds .

========================================================================
Received Import Request.
  Time since last request: 24.250528 seconds.
  path: Packages/com.unity.2d.tilemap
  artifactKey: Guid(4e00cf00a7281e0d7ee16a9f76f3c3bb) Importer(815301076,1909f56bfc062723c751e8b465ee728b)
Start importing Packages/com.unity.2d.tilemap using Guid(4e00cf00a7281e0d7ee16a9f76f3c3bb) Importer(815301076,1909f56bfc062723c751e8b465ee728b)  -> (artifact id: 'dd4db2989a23261ac4400a439f7f11f4') in 0.005938 seconds 
  Import took 0.009354 seconds .

========================================================================
Received Import Request.
  Time since last request: 0.006704 seconds.
  path: Packages/com.unity.2d.tilemap
  artifactKey: Guid(4e00cf00a7281e0d7ee16a9f76f3c3bb) Importer(815301076,1909f56bfc062723c751e8b465ee728b)
Start importing Packages/com.unity.2d.tilemap using Guid(4e00cf00a7281e0d7ee16a9f76f3c3bb) Importer(815301076,1909f56bfc062723c751e8b465ee728b)  -> (artifact id: 'dd4db2989a23261ac4400a439f7f11f4') in 0.001900 seconds 
  Import took 0.005712 seconds .

========================================================================
Received Import Request.
  Time since last request: 0.183717 seconds.
  path: Packages/com.unity.2d.tilemap/package.json
  artifactKey: Guid(51797d68d3132bb419217a229e09fc47) Importer(815301076,1909f56bfc062723c751e8b465ee728b)
Start importing Packages/com.unity.2d.tilemap/package.json using Guid(51797d68d3132bb419217a229e09fc47) Importer(815301076,1909f56bfc062723c751e8b465ee728b)  -> (artifact id: '22520fb1654722663eb25abdaed23609') in 0.018371 seconds 
  Import took 0.022025 seconds .

========================================================================
Received Import Request.
  Time since last request: 1.600187 seconds.
  path: Packages/com.unity.2d.tilemap/Tests
  artifactKey: Guid(2bfef0473016eee4fa9d9bd505a1edd5) Importer(815301076,1909f56bfc062723c751e8b465ee728b)
Start importing Packages/com.unity.2d.tilemap/Tests using Guid(2bfef0473016eee4fa9d9bd505a1edd5) Importer(815301076,1909f56bfc062723c751e8b465ee728b)  -> (artifact id: '6c5d461ee8361db620a6b13db96eec3c') in 0.006750 seconds 
  Import took 0.010677 seconds .

========================================================================
Received Import Request.
  Time since last request: 0.005459 seconds.
  path: Packages/com.unity.2d.tilemap/Tests
  artifactKey: Guid(2bfef0473016eee4fa9d9bd505a1edd5) Importer(815301076,1909f56bfc062723c751e8b465ee728b)
Start importing Packages/com.unity.2d.tilemap/Tests using Guid(2bfef0473016eee4fa9d9bd505a1edd5) Importer(815301076,1909f56bfc062723c751e8b465ee728b)  -> (artifact id: '6c5d461ee8361db620a6b13db96eec3c') in 0.001898 seconds 
  Import took 0.005418 seconds .

========================================================================
Received Import Request.
  Time since last request: 0.971310 seconds.
  path: Packages/com.unity.2d.tilemap/Tests/Editor
  artifactKey: Guid(62324ebe9a53d9a43b04f4b0e9b961a0) Importer(815301076,1909f56bfc062723c751e8b465ee728b)
Start importing Packages/com.unity.2d.tilemap/Tests/Editor using Guid(62324ebe9a53d9a43b04f4b0e9b961a0) Importer(815301076,1909f56bfc062723c751e8b465ee728b)  -> (artifact id: 'b0dec97b736565130290e99a4015fc5d') in 0.005929 seconds 
  Import took 0.009257 seconds .

========================================================================
Received Import Request.
  Time since last request: 0.007032 seconds.
  path: Packages/com.unity.2d.tilemap/Tests/Editor
  artifactKey: Guid(62324ebe9a53d9a43b04f4b0e9b961a0) Importer(815301076,1909f56bfc062723c751e8b465ee728b)
Start importing Packages/com.unity.2d.tilemap/Tests/Editor using Guid(62324ebe9a53d9a43b04f4b0e9b961a0) Importer(815301076,1909f56bfc062723c751e8b465ee728b)  -> (artifact id: 'b0dec97b736565130290e99a4015fc5d') in 0.001936 seconds 
  Import took 0.005550 seconds .

========================================================================
Received Import Request.
  Time since last request: 0.182607 seconds.
  path: Packages/com.unity.2d.tilemap/Tests/Editor/Unity.2D.Tilemap.Package.EditorTests.asmdef
  artifactKey: Guid(8ce1fc14411aade4b81c0e6dd86950be) Importer(815301076,1909f56bfc062723c751e8b465ee728b)
Start importing Packages/com.unity.2d.tilemap/Tests/Editor/Unity.2D.Tilemap.Package.EditorTests.asmdef using Guid(8ce1fc14411aade4b81c0e6dd86950be) Importer(815301076,1909f56bfc062723c751e8b465ee728b)  -> (artifact id: '78213f6618c8e43caf81961ce867c44f') in 0.014061 seconds 
  Import took 0.018064 seconds .

========================================================================
Received Import Request.
  Time since last request: 14.257175 seconds.
  path: Assets/Assetpacks/Tiny RPG Forest/Artwork/sprites/treant
  artifactKey: Guid(73b4cafaa49f742bd9b09212bfda83fc) Importer(815301076,1909f56bfc062723c751e8b465ee728b)
Start importing Assets/Assetpacks/Tiny RPG Forest/Artwork/sprites/treant using Guid(73b4cafaa49f742bd9b09212bfda83fc) Importer(815301076,1909f56bfc062723c751e8b465ee728b)  -> (artifact id: '3bc3acf3184a811c3ef544b65839c908') in 0.008690 seconds 
  Import took 0.012115 seconds .

========================================================================
Received Import Request.
  Time since last request: 0.001571 seconds.
  path: Assets/Assetpacks/Tiny RPG Forest/Artwork/sprites/treant
  artifactKey: Guid(73b4cafaa49f742bd9b09212bfda83fc) Importer(815301076,1909f56bfc062723c751e8b465ee728b)
Start importing Assets/Assetpacks/Tiny RPG Forest/Artwork/sprites/treant using Guid(73b4cafaa49f742bd9b09212bfda83fc) Importer(815301076,1909f56bfc062723c751e8b465ee728b)  -> (artifact id: '3bc3acf3184a811c3ef544b65839c908') in 0.001948 seconds 
  Import took 0.005701 seconds .

========================================================================
Received Import Request.
  Time since last request: 1.275283 seconds.
  path: Assets/Assetpacks/Tiny RPG Forest/Artwork/sprites/treant/idle
  artifactKey: Guid(754e3cb356a6a4aed8289da2a4e8c117) Importer(815301076,1909f56bfc062723c751e8b465ee728b)
Start importing Assets/Assetpacks/Tiny RPG Forest/Artwork/sprites/treant/idle using Guid(754e3cb356a6a4aed8289da2a4e8c117) Importer(815301076,1909f56bfc062723c751e8b465ee728b)  -> (artifact id: 'c06474b5120a166788f6a5f5195db590') in 0.007283 seconds 
  Import took 0.010518 seconds .

========================================================================
Received Import Request.
  Time since last request: 0.002794 seconds.
  path: Assets/Assetpacks/Tiny RPG Forest/Artwork/sprites/treant/idle
  artifactKey: Guid(754e3cb356a6a4aed8289da2a4e8c117) Importer(815301076,1909f56bfc062723c751e8b465ee728b)
Start importing Assets/Assetpacks/Tiny RPG Forest/Artwork/sprites/treant/idle using Guid(754e3cb356a6a4aed8289da2a4e8c117) Importer(815301076,1909f56bfc062723c751e8b465ee728b)  -> (artifact id: 'c06474b5120a166788f6a5f5195db590') in 0.001879 seconds 
  Import took 0.005684 seconds .

========================================================================
Received Import Request.
  Time since last request: 5.285604 seconds.
  path: Assets/Assetpacks/Tiny RPG Forest/Artwork/Environment/sliced-objects/bush-tall.asset
  artifactKey: Guid(8d72e77b2b846734c9e3ea8a2f24fdeb) Importer(815301076,1909f56bfc062723c751e8b465ee728b)
Start importing Assets/Assetpacks/Tiny RPG Forest/Artwork/Environment/sliced-objects/bush-tall.asset using Guid(8d72e77b2b846734c9e3ea8a2f24fdeb) Importer(815301076,1909f56bfc062723c751e8b465ee728b)  -> (artifact id: '037d4911a87e060cd4d652935da389ea') in 0.029270 seconds 
  Import took 0.033653 seconds .

========================================================================
Received Import Request.
  Time since last request: 0.000342 seconds.
  path: Assets/Assetpacks/Tiny RPG Forest/Artwork/Environment/sliced-objects/rock-monument.asset
  artifactKey: Guid(67ef2d6e481c0d8409ea856de88382ce) Importer(815301076,1909f56bfc062723c751e8b465ee728b)
Start importing Assets/Assetpacks/Tiny RPG Forest/Artwork/Environment/sliced-objects/rock-monument.asset using Guid(67ef2d6e481c0d8409ea856de88382ce) Importer(815301076,1909f56bfc062723c751e8b465ee728b)  -> (artifact id: '53b5137d83e3ad61fc529daf9a4d3778') in 0.015893 seconds 
  Import took 0.019928 seconds .

========================================================================
Received Import Request.
  Time since last request: 0.000333 seconds.
  path: Assets/Assetpacks/Tiny RPG Forest/Artwork/Environment/sliced-objects/rock.asset
  artifactKey: Guid(146fae7c30c4018458c8d050655b4992) Importer(815301076,1909f56bfc062723c751e8b465ee728b)
Start importing Assets/Assetpacks/Tiny RPG Forest/Artwork/Environment/sliced-objects/rock.asset using Guid(146fae7c30c4018458c8d050655b4992) Importer(815301076,1909f56bfc062723c751e8b465ee728b)  -> (artifact id: '71c227c8d8a29ddbc5854f99073d4bd2') in 0.011312 seconds 
  Import took 0.014741 seconds .

========================================================================
Received Import Request.
  Time since last request: 0.000328 seconds.
  path: Assets/Assetpacks/Tiny RPG Forest/Artwork/Environment/sliced-objects/sign.asset
  artifactKey: Guid(e3be23fdf749ddd45a5c712b6ef61e1c) Importer(815301076,1909f56bfc062723c751e8b465ee728b)
Start importing Assets/Assetpacks/Tiny RPG Forest/Artwork/Environment/sliced-objects/sign.asset using Guid(e3be23fdf749ddd45a5c712b6ef61e1c) Importer(815301076,1909f56bfc062723c751e8b465ee728b)  -> (artifact id: 'f5af1c97c3ad9e4e5838e1d464e18efb') in 0.010894 seconds 
  Import took 0.014527 seconds .

========================================================================
Received Import Request.
  Time since last request: 0.000328 seconds.
  path: Assets/Assetpacks/Tiny RPG Forest/Artwork/Environment/sliced-objects/bush.asset
  artifactKey: Guid(80df7b6a37c5c334c838193d11b3c703) Importer(815301076,1909f56bfc062723c751e8b465ee728b)
Start importing Assets/Assetpacks/Tiny RPG Forest/Artwork/Environment/sliced-objects/bush.asset using Guid(80df7b6a37c5c334c838193d11b3c703) Importer(815301076,1909f56bfc062723c751e8b465ee728b)  -> (artifact id: '9f4bed8a72ca866f2673a6a63dfb1043') in 0.011261 seconds 
  Import took 0.015287 seconds .

========================================================================
Received Import Request.
  Time since last request: 0.000296 seconds.
  path: Assets/Assetpacks/Tiny RPG Forest/Artwork/Environment/sliced-objects/tree-pink.asset
  artifactKey: Guid(baec51c19e0a6ae48a63b7feebf9bc4e) Importer(815301076,1909f56bfc062723c751e8b465ee728b)
Start importing Assets/Assetpacks/Tiny RPG Forest/Artwork/Environment/sliced-objects/tree-pink.asset using Guid(baec51c19e0a6ae48a63b7feebf9bc4e) Importer(815301076,1909f56bfc062723c751e8b465ee728b)  -> (artifact id: 'bc67bdcfd696dc901e442a8ba4392bee') in 0.010778 seconds 
  Import took 0.014215 seconds .

========================================================================
Received Import Request.
  Time since last request: 0.000275 seconds.
  path: Assets/Assetpacks/Tiny RPG Forest/Artwork/Environment/sliced-objects/tree-orange.asset
  artifactKey: Guid(1133e78b49402904ca92553a61facd11) Importer(815301076,1909f56bfc062723c751e8b465ee728b)
Start importing Assets/Assetpacks/Tiny RPG Forest/Artwork/Environment/sliced-objects/tree-orange.asset using Guid(1133e78b49402904ca92553a61facd11) Importer(815301076,1909f56bfc062723c751e8b465ee728b)  -> (artifact id: '5bbb9fad986da6945f0eddd8504e12e1') in 0.009442 seconds 
  Import took 0.013047 seconds .

========================================================================
Received Import Request.
  Time since last request: 0.000311 seconds.
  path: Assets/Assetpacks/Tiny RPG Forest/Artwork/Environment/sliced-objects/tree-dried.asset
  artifactKey: Guid(9d7c4596eff326f41abe35ff46a09c72) Importer(815301076,1909f56bfc062723c751e8b465ee728b)
Start importing Assets/Assetpacks/Tiny RPG Forest/Artwork/Environment/sliced-objects/tree-dried.asset using Guid(9d7c4596eff326f41abe35ff46a09c72) Importer(815301076,1909f56bfc062723c751e8b465ee728b)  -> (artifact id: '5f340eb835db7c0d0a4fd1e5d250ac83') in 0.013248 seconds 
  Import took 0.017104 seconds .

========================================================================
Received Import Request.
  Time since last request: 0.887614 seconds.
  path: Assets/Assetpacks/Tiny RPG Forest/Artwork/Environment/sliced-objects/trunk.asset
  artifactKey: Guid(efb05c5e8b0afd247b47cacd09524e82) Importer(815301076,1909f56bfc062723c751e8b465ee728b)
Start importing Assets/Assetpacks/Tiny RPG Forest/Artwork/Environment/sliced-objects/trunk.asset using Guid(efb05c5e8b0afd247b47cacd09524e82) Importer(815301076,1909f56bfc062723c751e8b465ee728b)  -> (artifact id: '235a68faef4a5415c17f7d42d843fa7a') in 0.013837 seconds 
  Import took 0.017772 seconds .

========================================================================
Received Import Request.
  Time since last request: 0.007320 seconds.
  path: Assets/Assetpacks/Tiny RPG Forest/Artwork/Environment/sliced-objects/trunk.asset
  artifactKey: Guid(efb05c5e8b0afd247b47cacd09524e82) Importer(815301076,1909f56bfc062723c751e8b465ee728b)
Start importing Assets/Assetpacks/Tiny RPG Forest/Artwork/Environment/sliced-objects/trunk.asset using Guid(efb05c5e8b0afd247b47cacd09524e82) Importer(815301076,1909f56bfc062723c751e8b465ee728b)  -> (artifact id: '235a68faef4a5415c17f7d42d843fa7a') in 0.005331 seconds 
  Import took 0.008886 seconds .

========================================================================
Received Prepare
Refreshing native plugins compatible for Editor in 3.47 ms, found 3 plugins.
Preloading 0 native plugins for Editor in 0.00 ms.
Unloading 21 Unused Serialized files (Serialized files now loaded: 0)
System memory in use before: 56.7 MB.
System memory in use after: 56.6 MB.

Unloading 21 unused Assets to reduce memory usage. Loaded Objects now: 2576.
Total: 2.774300 ms (FindLiveObjects: 0.218500 ms CreateObjectMapping: 0.086000 ms MarkObjects: 2.370300 ms  DeleteObjects: 0.098600 ms)

AssetImportParameters requested are different than current active one (requested -> active):
  custom:framework-win-MediaFoundation: 216162199b28c13a410421893ffa2e32 -> 
  custom:video-decoder-ogg-theora: a1e56fd34408186e4bbccfd4996cb3dc -> 
  custom:container-muxer-webm: aa71ff27fc2769a1b78a27578f13a17b -> 
  custom:container-demuxer-webm: 4f35f7cbe854078d1ac9338744f61a02 -> 
  custom:container-demuxer-ogg: 62fdf1f143b41e24485cea50d1cbac27 -> 
  custom:video-encoder-webm-vp8: eb34c28f22e8b96e1ab97ce403110664 -> 
  custom:video-decoder-webm-vp8: 9c59270c3fd7afecdb556c50c9e8de78 -> 
  custom:audio-decoder-ogg-vorbis: bf7c407c2cedff20999df2af8eb42d56 -> 
  custom:audio-encoder-webm-vorbis: bf7c407c2cedff20999df2af8eb42d56 -> 
AssetImportWorkerClient::OnTransportError - code=2 error=End of file
